Arguments: 
  C:\Program Files\nodejs\node.exe C:\Users\AnaSilvia\AppData\Roaming\npm\node_modules\yarn\bin\yarn.js

PATH: 
  C:\Users\AnaSilvia\bin;C:\Program Files\Git\mingw64\bin;C:\Program Files\Git\usr\local\bin;C:\Program Files\Git\usr\bin;C:\Program Files\Git\usr\bin;C:\Program Files\Git\mingw64\bin;C:\Program Files\Git\usr\bin;C:\Users\AnaSilvia\bin;C:\Program Files (x86)\Intel\iCLS Client;C:\Program Files\Intel\iCLS Client;C:\WINDOWS\system32;C:\WINDOWS;C:\WINDOWS\System32\Wbem;C:\WINDOWS\System32\WindowsPowerShell\v1.0;C:\Program Files\Intel\Intel(R) Management Engine Components\DAL;C:\Program Files\Intel\Intel(R) Management Engine Components\IPT;C:\Program Files (x86)\Intel\Intel(R) Management Engine Components\DAL;C:\Program Files (x86)\Intel\Intel(R) Management Engine Components\IPT;C:\Program Files (x86)\ATI Technologies\ATI.ACE\Core-Static;C:\Program Files (x86)\Windows Live\Shared;C:\Program Files\Git\cmd;C:\Program Files\nodejs;C:\Users\AnaSilvia\AppData\Local\Programs\Microsoft VS Code\bin;C:\Users\AnaSilvia\AppData\Roaming\npm;C:\Program Files\Git\usr\bin\vendor_perl;C:\Program Files\Git\usr\bin\core_perl

Yarn version: 
  1.22.11

Node version: 
  14.17.5

Platform: 
  win32 x64

Trace: 
  Error: EPERM: operation not permitted, open 'C:\Users\AnaSilvia\Gama\d05\Corebiz-Challenge\leadform\react\node_modules\.bin\jest.cmd'

npm manifest: 
  {
    "scripts": {
      "test": "vtex-test-tools test"
    },
    "dependencies": {
      "@vtex/css-handles": "^1.0.0",
      "axios": "^0.21.1",
      "classnames": "^2.2.6",
      "ramda": "^0.26.1",
      "react": "^16.12.0",
      "react-apollo": "^3.1.3",
      "react-dom": "^16.12.0",
      "react-intl": "^3.12.0"
    },
    "devDependencies": {
      "@apollo/react-testing": "^3.1.3",
      "@types/classnames": "^2.2.7",
      "@types/jest": "^24.0.18",
      "@types/node": "^12.7.5",
      "@types/prop-types": "^15.7.0",
      "@types/ramda": "^0.26.5",
      "@types/react": "^16.9.31",
      "@vtex/test-tools": "^3.3.2",
      "@vtex/tsconfig": "^0.4.4",
      "apollo-cache-inmemory": "^1.6.5",
      "apollo-client": "^2.5.1",
      "graphql": "^14.6.0",
      "typescript": "3.9.7",
      "vtex.css-handles": "http://vtex.vtexassets.com/_v/public/typings/v1/vtex.css-handles@0.4.4/public/@types/vtex.css-handles",
      "vtex.render-runtime": "http://vtex.vtexassets.com/_v/public/typings/v1/vtex.render-runtime@8.120.0/public/@types/vtex.render-runtime",
      "vtex.styleguide": "http://vtex.vtexassets.com/_v/public/typings/v1/vtex.styleguide@9.129.0/public/@types/vtex.styleguide"
    }
  }

yarn manifest: 
  No manifest

Lockfile: 
  No lockfile
